<?xml version="1.0" encoding="UTF-8"?>
<!-- Generated by org.testng.reporters.JUnitXMLReporter -->
<testsuite hostname="DT-TECH-3099" ignored="1" name="Default test" tests="1" failures="0" timestamp="14 Aug 2019 11:16:39 GMT" time="46.106" errors="0">
  <testcase name="autoRegistration" time="7.618" classname="com.project.mavensampleprojct.TC_005"/>
  <testcase name="automationLogin" time="0.0" classname="com.project.mavensampleprojct.TC_005">
    <ignored/>
  </testcase> <!-- automationLogin -->
</testsuite> <!-- Default test -->
