<?xml version="1.0" encoding="UTF-8"?>
<!-- Generated by org.testng.reporters.JUnitXMLReporter -->
<testsuite hostname="DT-TECH-3099" ignored="0" name="ChromeTest" tests="1" failures="0" timestamp="10 Aug 2019 10:03:57 GMT" time="10.072" errors="0">
  <testcase name="@BeforeMethod startProcess" time="9.981" classname="com.project.mavensampleprojct.TC_004">
    <failure type="java.lang.NullPointerException" message="null value in entry: url=null">
      <![CDATA[java.lang.NullPointerException: null value in entry: url=null
at com.google.common.collect.CollectPreconditions.checkEntryNotNull(CollectPreconditions.java:32)
at com.google.common.collect.SingletonImmutableBiMap.<init>(SingletonImmutableBiMap.java:42)
at com.google.common.collect.ImmutableBiMap.of(ImmutableBiMap.java:70)
at com.google.common.collect.ImmutableMap.of(ImmutableMap.java:123)
at org.openqa.selenium.remote.RemoteWebDriver.get(RemoteWebDriver.java:273)
at com.project.Selenium.Basepage.navigate(Basepage.java:135)
at com.project.mavensampleprojct.TC_004.startProcess(TC_004.java:23)
... Removed 28 stack frames]]>
    </failure>
  </testcase> <!-- @BeforeMethod startProcess -->
  <testcase name="@AfterMethod endProcess" time="0.0" classname="com.project.mavensampleprojct.TC_004">
    <skipped/>
  </testcase> <!-- @AfterMethod endProcess -->
  <testcase name="amazon" time="0.0" classname="com.project.mavensampleprojct.TC_004">
    <skipped/>
  </testcase> <!-- amazon -->
</testsuite> <!-- ChromeTest -->
