<?xml version="1.0" encoding="UTF-8"?>
<!-- Generated by org.testng.reporters.JUnitXMLReporter -->
<testsuite hostname="DT-TECH-3099" ignored="0" name="ChromeTest" tests="1" failures="0" timestamp="09 Aug 2019 05:36:39 GMT" time="0.032" errors="0">
  <testcase name="@BeforeMethod startProcess" time="0.006" classname="com.project.mavensampleprojct.TC_004">
    <failure type="java.lang.NullPointerException">
      <![CDATA[java.lang.NullPointerException
at com.project.Selenium.Basepage.navigate(Basepage.java:135)
at com.project.mavensampleprojct.TC_004.startProcess(TC_004.java:21)
... Removed 28 stack frames]]>
    </failure>
  </testcase> <!-- @BeforeMethod startProcess -->
  <testcase name="@AfterMethod endProcess" time="0.0" classname="com.project.mavensampleprojct.TC_004">
    <skipped/>
  </testcase> <!-- @AfterMethod endProcess -->
  <testcase name="amazon" time="0.0" classname="com.project.mavensampleprojct.TC_004">
    <skipped/>
  </testcase> <!-- amazon -->
</testsuite> <!-- ChromeTest -->
