<?xml version="1.0" encoding="UTF-8"?>
<!-- Generated by org.testng.reporters.JUnitXMLReporter -->
<testsuite hostname="DT-TECH-3099" ignored="0" name="SmokeTest" tests="3" failures="0" timestamp="06 Aug 2019 10:01:10 GMT" time="46.351" errors="0">
  <testcase name="amazon" time="10.476" classname="com.project.mavensampleprojct.TC_004"/>
  <testcase name="f" time="0.003" classname="com.project.mavensampleprojct.TC_002"/>
  <testcase name="f" time="0.002" classname="com.project.mavensampleprojct.NewTest"/>
</testsuite> <!-- SmokeTest -->
